<?xml version="1.0" encoding="UTF-8"?>
<testsuite xmlns:xsi="http://www.w3.org/2001/XMLSchema-instance" xsi:noNamespaceSchemaLocation="https://maven.apache.org/surefire/maven-surefire-plugin/xsd/surefire-test-report-3.0.xsd" version="3.0" name="auth.facade.FacadeAuthentificationTest" time="1.456" tests="15" errors="0" skipped="0" failures="0">
  <properties>
[...]
</properties>
  <testcase name="deconnexion_UserNotFound" classname="auth.facade.FacadeAuthentificationTest" time="0.095">
    <system-out><![CDATA[Standard Commons Logging discovery in action with spring-jcl: please remove commons-logging.jar from classpath in order to avoid potential conflicts
]]></system-out>
  </testcase>
  <testcase name="reSetMDP_UserNotFound" classname="auth.facade.FacadeAuthentificationTest" time="0.002"/>
  <testcase name="supprimerUtilisateur_IncorrectPassword" classname="auth.facade.FacadeAuthentificationTest" time="0.18"/>
  <testcase name="connexion_Successful" classname="auth.facade.FacadeAuthentificationTest" time="0.142"/>
  <testcase name="supprimerUtilisateur_UserNotFound" classname="auth.facade.FacadeAuthentificationTest" time="0.002"/>
  <testcase name="connexion_UserNotFound" classname="auth.facade.FacadeAuthentificationTest" time="0.0"/>
  <testcase name="inscription_PseudoAlreadyTaken" classname="auth.facade.FacadeAuthentificationTest" time="0.07"/>
  <testcase name="inscription_Successful" classname="auth.facade.FacadeAuthentificationTest" time="0.073"/>
  <testcase name="connexion_IncorrectPassword" classname="auth.facade.FacadeAuthentificationTest" time="0.144"/>
  <testcase name="reSetMDP_Successful" classname="auth.facade.FacadeAuthentificationTest" time="0.285"/>
  <testcase name="reSetPseudo_UserNotFound" classname="auth.facade.FacadeAuthentificationTest" time="0.001"/>
  <testcase name="deconnexion_Successful" classname="auth.facade.FacadeAuthentificationTest" time="0.142"/>
  <testcase name="inscription_EmailAlreadyTaken" classname="auth.facade.FacadeAuthentificationTest" time="0.073"/>
  <testcase name="supprimerUtilisateur_Successful" classname="auth.facade.FacadeAuthentificationTest" time="0.143"/>
  <testcase name="reSetPseudo_Successful" classname="auth.facade.FacadeAuthentificationTest" time="0.07"/>
</testsuite>